<?xml version="1.0" encoding="UTF-8" ?>
<testsuite tests="15" failures="0" name="geniusweb.exampleparties.learningagent.LearningAgentTest" time="0.706" errors="0" skipped="0">
  <properties>
    <property name="idea.version" value="2021.1.1"/>
    <property name="java.runtime.name" value="Java(TM) SE Runtime Environment"/>
    <property name="sun.boot.library.path" value="C:\Program Files\Java\jdk1.8.0_291\jre\bin"/>
    <property name="java.vm.version" value="25.291-b10"/>
    <property name="java.vm.vendor" value="Oracle Corporation"/>
    <property name="maven.multiModuleProjectDirectory" value="C:\Users\nrttn\Desktop\ANL-2021-example-agent-master\ANL-2021-example-agent-master"/>
    <property name="java.vendor.url" value="http://java.oracle.com/"/>
    <property name="path.separator" value=";"/>
    <property name="guice.disable.misplaced.annotation.check" value="true"/>
    <property name="java.vm.name" value="Java HotSpot(TM) 64-Bit Server VM"/>
    <property name="file.encoding.pkg" value="sun.io"/>
    <property name="user.script" value=""/>
    <property name="user.country" value="TR"/>
    <property name="sun.java.launcher" value="SUN_STANDARD"/>
    <property name="sun.os.patch.level" value=""/>
    <property name="java.vm.specification.name" value="Java Virtual Machine Specification"/>
    <property name="user.dir" value="C:\Users\nrttn\Desktop\ANL-2021-example-agent-master\ANL-2021-example-agent-master"/>
    <property name="java.runtime.version" value="1.8.0_291-b10"/>
    <property name="java.awt.graphicsenv" value="sun.awt.Win32GraphicsEnvironment"/>
    <property name="java.endorsed.dirs" value="C:\Program Files\Java\jdk1.8.0_291\jre\lib\endorsed"/>
    <property name="os.arch" value="amd64"/>
    <property name="java.io.tmpdir" value="C:\Users\nrttn\AppData\Local\Temp\"/>
    <property name="line.separator" value="
"/>
    <property name="java.vm.specification.vendor" value="Oracle Corporation"/>
    <property name="user.variant" value=""/>
    <property name="os.name" value="Windows 10"/>
    <property name="maven.ext.class.path" value="C:\Program Files\JetBrains\IntelliJ IDEA 2021.1.1\plugins\maven\lib\maven-event-listener.jar"/>
    <property name="classworlds.conf" value="C:\Program Files\JetBrains\IntelliJ IDEA 2021.1.1\plugins\maven\lib\maven3\bin\m2.conf"/>
    <property name="sun.jnu.encoding" value="Cp1254"/>
    <property name="java.library.path" value="C:\Program Files\Java\jdk1.8.0_291\bin;C:\Windows\Sun\Java\bin;C:\Windows\system32;C:\Windows;C:\Program Files (x86)\Common Files\Oracle\Java\javapath;C:\csvn\bin\;C:\csvn\Python25\;C:\Program Files (x86)\VMware\VMware Player\bin\;C:\Anaconda3;C:\Anaconda3\Library\mingw-w64\bin;C:\Anaconda3\Library\usr\bin;C:\Anaconda3\Library\bin;C:\Anaconda3\Scripts;C:\Program Files\Haskell\bin;C:\Program Files\Haskell Platform\8.6.5\lib\extralibs\bin;C:\Program Files\Haskell Platform\8.6.5\bin;C:\Windows\system32;C:\Windows;C:\Windows\System32\Wbem;C:\Windows\System32\WindowsPowerShell\v1.0\;C:\Windows\System32\OpenSSH\;C:\Program Files\Java\jdk-14.0.2\bin;C:\Program Files\Git\cmd;C:\MinGW\bin;C:\Program Files\Haskell Platform\8.6.5\mingw\bin;C:\Program Files (x86)\apache-maven-3.8.1-bin\apache-maven-3.8.1\bin;D:\Program Files\nodejs\;C:\Python38\Scripts\;C:\Python38\;C:\Program Files\MySQL\MySQL Shell 8.0\bin\;C:\Users\nrttn\AppData\Roaming\cabal\bin;C:\Users\nrttn\AppData\Roaming\local\bin;C:\Users\nrttn\AppData\Local\Microsoft\WindowsApps;C:\Program Files\Java\jdk1.8.0_261\bin;C:\Program Files\Java\jre1.8.0_261\bin;C:\Users\nrttn\AppData\Local\Programs\Microsoft VS Code\bin;C:\Users\nrttn\AppData\Local\GitHubDesktop\bin;C:\Program Files\JetBrains\IntelliJ IDEA 2020.3.1\bin;;C:\Users\nrttn\AppData\Roaming\npm;."/>
    <property name="maven.conf" value="C:\Program Files\JetBrains\IntelliJ IDEA 2021.1.1\plugins\maven\lib\maven3/conf"/>
    <property name="java.specification.name" value="Java Platform API Specification"/>
    <property name="java.class.version" value="52.0"/>
    <property name="sun.management.compiler" value="HotSpot 64-Bit Tiered Compilers"/>
    <property name="os.version" value="10.0"/>
    <property name="user.home" value="C:\Users\nrttn"/>
    <property name="user.timezone" value="Asia/Istanbul"/>
    <property name="java.awt.printerjob" value="sun.awt.windows.WPrinterJob"/>
    <property name="java.specification.version" value="1.8"/>
    <property name="file.encoding" value="UTF-8"/>
    <property name="user.name" value="nrttn"/>
    <property name="java.class.path" value="C:\Program Files\JetBrains\IntelliJ IDEA 2021.1.1\plugins\maven\lib\maven3\boot\plexus-classworlds-2.6.0.jar;C:\Program Files\JetBrains\IntelliJ IDEA 2021.1.1\plugins\maven\lib\maven3\boot\plexus-classworlds.license;C:\Program Files\JetBrains\IntelliJ IDEA 2021.1.1\lib\idea_rt.jar"/>
    <property name="java.vm.specification.version" value="1.8"/>
    <property name="sun.arch.data.model" value="64"/>
    <property name="java.home" value="C:\Program Files\Java\jdk1.8.0_291\jre"/>
    <property name="sun.java.command" value="org.codehaus.classworlds.Launcher -Didea.version=2021.1.1 package"/>
    <property name="java.specification.vendor" value="Oracle Corporation"/>
    <property name="user.language" value="tr"/>
    <property name="awt.toolkit" value="sun.awt.windows.WToolkit"/>
    <property name="java.vm.info" value="mixed mode"/>
    <property name="java.version" value="1.8.0_291"/>
    <property name="java.ext.dirs" value="C:\Program Files\Java\jdk1.8.0_291\jre\lib\ext;C:\Windows\Sun\Java\lib\ext"/>
    <property name="sun.boot.class.path" value="C:\Program Files\Java\jdk1.8.0_291\jre\lib\resources.jar;C:\Program Files\Java\jdk1.8.0_291\jre\lib\rt.jar;C:\Program Files\Java\jdk1.8.0_291\jre\lib\sunrsasign.jar;C:\Program Files\Java\jdk1.8.0_291\jre\lib\jsse.jar;C:\Program Files\Java\jdk1.8.0_291\jre\lib\jce.jar;C:\Program Files\Java\jdk1.8.0_291\jre\lib\charsets.jar;C:\Program Files\Java\jdk1.8.0_291\jre\lib\jfr.jar;C:\Program Files\Java\jdk1.8.0_291\jre\classes"/>
    <property name="java.vendor" value="Oracle Corporation"/>
    <property name="maven.home" value="C:\Program Files\JetBrains\IntelliJ IDEA 2021.1.1\plugins\maven\lib\maven3"/>
    <property name="file.separator" value="\"/>
    <property name="java.vendor.url.bug" value="http://bugreport.sun.com/bugreport/"/>
    <property name="sun.cpu.endian" value="little"/>
    <property name="sun.io.unicode.encoding" value="UnicodeLittle"/>
    <property name="sun.desktop" value="windows"/>
    <property name="sun.cpu.isalist" value="amd64"/>
  </properties>
  <testcase classname="geniusweb.exampleparties.learningagent.LearningAgentTest" name="smokeTest" time="0.354"/>
  <testcase classname="geniusweb.exampleparties.learningagent.LearningAgentTest" name="testLearningFirstBidAccepted" time="0.173"/>
  <testcase classname="geniusweb.exampleparties.learningagent.LearningAgentTest" name="testInformSettings" time="0.004"/>
  <testcase classname="geniusweb.exampleparties.learningagent.LearningAgentTest" name="testMockTournament" time="0.065"/>
  <testcase classname="geniusweb.exampleparties.learningagent.LearningAgentTest" name="testMockNegotiation" time="0.033"/>
  <testcase classname="geniusweb.exampleparties.learningagent.LearningAgentTest" name="testInformAndConnection" time="0.005"/>
  <testcase classname="geniusweb.exampleparties.learningagent.LearningAgentTest" name="testGetCapabilities" time="0.003"/>
  <testcase classname="geniusweb.exampleparties.learningagent.LearningAgentTest" name="testInformEmptyParameters" time="0.006"/>
  <testcase classname="geniusweb.exampleparties.learningagent.LearningAgentTest" name="getDescriptionTest" time="0.006"/>
  <testcase classname="geniusweb.exampleparties.learningagent.LearningAgentTest" name="testAgentFinishedLogs" time="0.019"/>
  <testcase classname="geniusweb.exampleparties.learningagent.LearningAgentTest" name="testOtherWalksAway" time="0.011"/>
  <testcase classname="geniusweb.exampleparties.learningagent.LearningAgentTest" name="testAgentHasFirstTurn" time="0.016"/>
  <testcase classname="geniusweb.exampleparties.learningagent.LearningAgentTest" name="testReceiveSingleBid" time="0.007"/>
  <testcase classname="geniusweb.exampleparties.learningagent.LearningAgentTest" name="testInformConnection" time="0.002"/>
  <testcase classname="geniusweb.exampleparties.learningagent.LearningAgentTest" name="getCapabilitiesTest" time="0.002"/>
</testsuite>